# JRE version: OpenJDK Runtime Environment (11.0.10) (build 11.0.10+0-b96-7249189)
# Java VM: OpenJDK 64-Bit Server VM (11.0.10+0-b96-7249189, mixed mode, tiered, compressed oops, g1 gc, windows-amd64)
Heap:
 garbage-first heap   total 227328K, used 167607K [0x0000000080000000, 0x0000000100000000)
  region size 1024K, 46 young (47104K), 1 survivors (1024K)
 Metaspace       used 130976K, capacity 133771K, committed 133964K, reserved 1165312K
  class space    used 16014K, capacity 17096K, committed 17228K, reserved 1048576K
GC Heap History (20 events):
Event: 6703.060 GC heap before
{Heap before GC invocations=61 (full 0):
 garbage-first heap   total 227328K, used 132509K [0x0000000080000000, 0x0000000100000000)
  region size 1024K, 11 young (11264K), 9 survivors (9216K)
 Metaspace       used 128381K, capacity 131252K, committed 131660K, reserved 1163264K
  class space    used 15755K, capacity 16817K, committed 16972K, reserved 1048576K
}
Event: 6703.117 GC heap after
{Heap after GC invocations=62 (full 0):
 garbage-first heap   total 227328K, used 126502K [0x0000000080000000, 0x0000000100000000)
  region size 1024K, 1 young (1024K), 1 survivors (1024K)
 Metaspace       used 128381K, capacity 131252K, committed 131660K, reserved 1163264K
  class space    used 15755K, capacity 16817K, committed 16972K, reserved 1048576K
}
Event: 6703.761 GC heap before
{Heap before GC invocations=62 (full 0):
 garbage-first heap   total 227328K, used 156198K [0x0000000080000000, 0x0000000100000000)
  region size 1024K, 32 young (32768K), 1 survivors (1024K)
 Metaspace       used 128459K, capacity 131380K, committed 131916K, reserved 1165312K
  class space    used 15755K, capacity 16817K, committed 16972K, reserved 1048576K
}
Event: 6703.779 GC heap after
{Heap after GC invocations=63 (full 0):
 garbage-first heap   total 227328K, used 133624K [0x0000000080000000, 0x0000000100000000)
  region size 1024K, 8 young (8192K), 8 survivors (8192K)
 Metaspace       used 128459K, capacity 131380K, committed 131916K, reserved 1165312K
  class space    used 15755K, capacity 16817K, committed 16972K, reserved 1048576K
}
Event: 6704.973 GC heap before
{Heap before GC invocations=64 (full 0):
 garbage-first heap   total 227328K, used 195064K [0x0000000080000000, 0x0000000100000000)
  region size 1024K, 57 young (58368K), 8 survivors (8192K)
 Metaspace       used 128237K, capacity 130937K, committed 131916K, reserved 1165312K
  class space    used 15713K, capacity 16739K, committed 16972K, reserved 1048576K
}
Event: 6705.006 GC heap after
{Heap after GC invocations=65 (full 0):
 garbage-first heap   total 227328K, used 146750K [0x0000000080000000, 0x0000000100000000)
  region size 1024K, 8 young (8192K), 8 survivors (8192K)
 Metaspace       used 128237K, capacity 130937K, committed 131916K, reserved 1165312K
  class space    used 15713K, capacity 16739K, committed 16972K, reserved 1048576K
}
Event: 6705.074 GC heap before
{Heap before GC invocations=65 (full 0):
 garbage-first heap   total 227328K, used 149822K [0x0000000080000000, 0x0000000100000000)
  region size 1024K, 11 young (11264K), 8 survivors (8192K)
 Metaspace       used 128253K, capacity 130937K, committed 131916K, reserved 1165312K
  class space    used 15713K, capacity 16739K, committed 16972K, reserved 1048576K
}
Event: 6705.119 GC heap after
{Heap after GC invocations=66 (full 0):
 garbage-first heap   total 227328K, used 138521K [0x0000000080000000, 0x0000000100000000)
  region size 1024K, 2 young (2048K), 2 survivors (2048K)
 Metaspace       used 128253K, capacity 130937K, committed 131916K, reserved 1165312K
  class space    used 15713K, capacity 16739K, committed 16972K, reserved 1048576K
}
Event: 6705.561 GC heap before
{Heap before GC invocations=66 (full 0):
 garbage-first heap   total 227328K, used 182553K [0x0000000080000000, 0x0000000100000000)
  region size 1024K, 45 young (46080K), 2 survivors (2048K)
 Metaspace       used 128256K, capacity 130938K, committed 131916K, reserved 1165312K
  class space    used 15713K, capacity 16739K, committed 16972K, reserved 1048576K
}
Event: 6705.572 GC heap after
{Heap after GC invocations=67 (full 0):
 garbage-first heap   total 227328K, used 137895K [0x0000000080000000, 0x0000000100000000)
  region size 1024K, 1 young (1024K), 1 survivors (1024K)
 Metaspace       used 128256K, capacity 130938K, committed 131916K, reserved 1165312K
  class space    used 15713K, capacity 16739K, committed 16972K, reserved 1048576K
}
Event: 6706.807 GC heap before
{Heap before GC invocations=68 (full 0):
 garbage-first heap   total 227328K, used 200359K [0x0000000080000000, 0x0000000100000000)
  region size 1024K, 47 young (48128K), 1 survivors (1024K)
 Metaspace       used 128409K, capacity 131089K, committed 131916K, reserved 1165312K
  class space    used 15729K, capacity 16755K, committed 16972K, reserved 1048576K
}
Event: 6706.818 GC heap after
{Heap after GC invocations=69 (full 0):
 garbage-first heap   total 227328K, used 142646K [0x0000000080000000, 0x0000000100000000)
  region size 1024K, 6 young (6144K), 6 survivors (6144K)
 Metaspace       used 128409K, capacity 131089K, committed 131916K, reserved 1165312K
  class space    used 15729K, capacity 16755K, committed 16972K, reserved 1048576K
}
Event: 6706.916 GC heap before
{Heap before GC invocations=69 (full 0):
 garbage-first heap   total 227328K, used 147766K [0x0000000080000000, 0x0000000100000000)
  region size 1024K, 11 young (11264K), 6 survivors (6144K)
 Metaspace       used 128414K, capacity 131089K, committed 131916K, reserved 1165312K
  class space    used 15729K, capacity 16755K, committed 16972K, reserved 1048576K
}
Event: 6706.930 GC heap after
{Heap after GC invocations=70 (full 0):
 garbage-first heap   total 227328K, used 142771K [0x0000000080000000, 0x0000000100000000)
  region size 1024K, 2 young (2048K), 2 survivors (2048K)
 Metaspace       used 128414K, capacity 131089K, committed 131916K, reserved 1165312K
  class space    used 15729K, capacity 16755K, committed 16972K, reserved 1048576K
}
Event: 6707.750 GC heap before
{Heap before GC invocations=70 (full 0):
 garbage-first heap   total 227328K, used 185779K [0x0000000080000000, 0x0000000100000000)
  region size 1024K, 44 young (45056K), 2 survivors (2048K)
 Metaspace       used 128871K, capacity 131623K, committed 132172K, reserved 1165312K
  class space    used 15790K, capacity 16826K, committed 16972K, reserved 1048576K
}
Event: 6707.759 GC heap after
{Heap after GC invocations=71 (full 0):
 garbage-first heap   total 227328K, used 142655K [0x0000000080000000, 0x0000000100000000)
  region size 1024K, 2 young (2048K), 2 survivors (2048K)
 Metaspace       used 128871K, capacity 131623K, committed 132172K, reserved 1165312K
  class space    used 15790K, capacity 16826K, committed 16972K, reserved 1048576K
}
Event: 6710.331 GC heap before
{Heap before GC invocations=72 (full 0):
 garbage-first heap   total 227328K, used 175423K [0x0000000080000000, 0x0000000100000000)
  region size 1024K, 47 young (48128K), 2 survivors (2048K)
 Metaspace       used 129744K, capacity 132548K, committed 133068K, reserved 1165312K
  class space    used 15871K, capacity 16913K, committed 17100K, reserved 1048576K
}
Event: 6710.342 GC heap after
{Heap after GC invocations=73 (full 0):
 garbage-first heap   total 227328K, used 132345K [0x0000000080000000, 0x0000000100000000)
  region size 1024K, 4 young (4096K), 4 survivors (4096K)
 Metaspace       used 129744K, capacity 132548K, committed 133068K, reserved 1165312K
  class space    used 15871K, capacity 16913K, committed 17100K, reserved 1048576K
}
Event: 6710.738 GC heap before
{Heap before GC invocations=73 (full 0):
 garbage-first heap   total 227328K, used 138489K [0x0000000080000000, 0x0000000100000000)
  region size 1024K, 11 young (11264K), 4 survivors (4096K)
 Metaspace       used 130093K, capacity 132934K, committed 133324K, reserved 1165312K
  class space    used 15927K, capacity 17002K, committed 17100K, reserved 1048576K
}
Event: 6710.757 GC heap after
{Heap after GC invocations=74 (full 0):
 garbage-first heap   total 227328K, used 123575K [0x0000000080000000, 0x0000000100000000)
  region size 1024K, 1 young (1024K), 1 survivors (1024K)
 Metaspace       used 130093K, capacity 132934K, committed 133324K, reserved 1165312K
  class space    used 15927K, capacity 17002K, committed 17100K, reserved 1048576K
}

