# JRE version: OpenJDK Runtime Environment (11.0.10) (build 11.0.10+0-b96-7249189)
# Java VM: OpenJDK 64-Bit Server VM (11.0.10+0-b96-7249189, mixed mode, tiered, compressed oops, g1 gc, windows-amd64)
Heap:
 garbage-first heap   total 418816K, used 172218K [0x0000000080000000, 0x0000000100000000)
  region size 1024K, 3 young (3072K), 3 survivors (3072K)
 Metaspace       used 108185K, capacity 110978K, committed 111232K, reserved 1146880K
  class space    used 13575K, capacity 14636K, committed 14720K, reserved 1048576K
GC Heap History (20 events):
Event: 30.567 GC heap after
{Heap after GC invocations=28 (full 0):
 garbage-first heap   total 227328K, used 96895K [0x0000000080000000, 0x0000000100000000)
  region size 1024K, 9 young (9216K), 9 survivors (9216K)
 Metaspace       used 103306K, capacity 105935K, committed 106112K, reserved 1140736K
  class space    used 13191K, capacity 14195K, committed 14208K, reserved 1048576K
}
Event: 32.395 GC heap before
{Heap before GC invocations=28 (full 0):
 garbage-first heap   total 227328K, used 174719K [0x0000000080000000, 0x0000000100000000)
  region size 1024K, 86 young (88064K), 9 survivors (9216K)
 Metaspace       used 106030K, capacity 108795K, committed 109056K, reserved 1144832K
  class space    used 13450K, capacity 14518K, committed 14592K, reserved 1048576K
}
Event: 32.414 GC heap after
{Heap after GC invocations=29 (full 0):
 garbage-first heap   total 227328K, used 96201K [0x0000000080000000, 0x0000000100000000)
  region size 1024K, 2 young (2048K), 2 survivors (2048K)
 Metaspace       used 106030K, capacity 108795K, committed 109056K, reserved 1144832K
  class space    used 13450K, capacity 14518K, committed 14592K, reserved 1048576K
}
Event: 33.532 GC heap before
{Heap before GC invocations=29 (full 0):
 garbage-first heap   total 227328K, used 176073K [0x0000000080000000, 0x0000000100000000)
  region size 1024K, 81 young (82944K), 2 survivors (2048K)
 Metaspace       used 106543K, capacity 109227K, committed 109312K, reserved 1144832K
  class space    used 13468K, capacity 14536K, committed 14592K, reserved 1048576K
}
Event: 33.539 GC heap after
{Heap after GC invocations=30 (full 0):
 garbage-first heap   total 227328K, used 95971K [0x0000000080000000, 0x0000000100000000)
  region size 1024K, 2 young (2048K), 2 survivors (2048K)
 Metaspace       used 106543K, capacity 109227K, committed 109312K, reserved 1144832K
  class space    used 13468K, capacity 14536K, committed 14592K, reserved 1048576K
}
Event: 34.484 GC heap before
{Heap before GC invocations=30 (full 0):
 garbage-first heap   total 227328K, used 179939K [0x0000000080000000, 0x0000000100000000)
  region size 1024K, 84 young (86016K), 2 survivors (2048K)
 Metaspace       used 106612K, capacity 109367K, committed 109568K, reserved 1144832K
  class space    used 13469K, capacity 14539K, committed 14592K, reserved 1048576K
}
Event: 34.491 GC heap after
{Heap after GC invocations=31 (full 0):
 garbage-first heap   total 227328K, used 96311K [0x0000000080000000, 0x0000000100000000)
  region size 1024K, 2 young (2048K), 2 survivors (2048K)
 Metaspace       used 106612K, capacity 109367K, committed 109568K, reserved 1144832K
  class space    used 13469K, capacity 14539K, committed 14592K, reserved 1048576K
}
Event: 35.474 GC heap before
{Heap before GC invocations=31 (full 0):
 garbage-first heap   total 227328K, used 182327K [0x0000000080000000, 0x0000000100000000)
  region size 1024K, 86 young (88064K), 2 survivors (2048K)
 Metaspace       used 106773K, capacity 109525K, committed 109824K, reserved 1144832K
  class space    used 13471K, capacity 14542K, committed 14592K, reserved 1048576K
}
Event: 35.486 GC heap after
{Heap after GC invocations=32 (full 0):
 garbage-first heap   total 227328K, used 98208K [0x0000000080000000, 0x0000000100000000)
  region size 1024K, 4 young (4096K), 4 survivors (4096K)
 Metaspace       used 106773K, capacity 109525K, committed 109824K, reserved 1144832K
  class space    used 13471K, capacity 14542K, committed 14592K, reserved 1048576K
}
Event: 35.756 GC heap before
{Heap before GC invocations=32 (full 0):
 garbage-first heap   total 227328K, used 110496K [0x0000000080000000, 0x0000000100000000)
  region size 1024K, 12 young (12288K), 4 survivors (4096K)
 Metaspace       used 107117K, capacity 109909K, committed 110080K, reserved 1144832K
  class space    used 13500K, capacity 14589K, committed 14592K, reserved 1048576K
}
Event: 35.766 GC heap after
{Heap after GC invocations=33 (full 0):
 garbage-first heap   total 227328K, used 100617K [0x0000000080000000, 0x0000000100000000)
  region size 1024K, 2 young (2048K), 2 survivors (2048K)
 Metaspace       used 107117K, capacity 109909K, committed 110080K, reserved 1144832K
  class space    used 13500K, capacity 14589K, committed 14592K, reserved 1048576K
}
Event: 37.189 GC heap before
{Heap before GC invocations=34 (full 0):
 garbage-first heap   total 227328K, used 208137K [0x0000000080000000, 0x0000000100000000)
  region size 1024K, 87 young (89088K), 2 survivors (2048K)
 Metaspace       used 107770K, capacity 110478K, committed 110976K, reserved 1144832K
  class space    used 13518K, capacity 14559K, committed 14720K, reserved 1048576K
}
Event: 37.333 GC heap after
{Heap after GC invocations=35 (full 0):
 garbage-first heap   total 251904K, used 154247K [0x0000000080000000, 0x0000000100000000)
  region size 1024K, 11 young (11264K), 11 survivors (11264K)
 Metaspace       used 107770K, capacity 110478K, committed 110976K, reserved 1144832K
  class space    used 13518K, capacity 14559K, committed 14720K, reserved 1048576K
}
Event: 37.394 GC heap before
{Heap before GC invocations=35 (full 0):
 garbage-first heap   total 251904K, used 155271K [0x0000000080000000, 0x0000000100000000)
  region size 1024K, 12 young (12288K), 11 survivors (11264K)
 Metaspace       used 107770K, capacity 110478K, committed 110976K, reserved 1144832K
  class space    used 13518K, capacity 14559K, committed 14720K, reserved 1048576K
}
Event: 37.482 GC heap after
{Heap after GC invocations=36 (full 0):
 garbage-first heap   total 251904K, used 152491K [0x0000000080000000, 0x0000000100000000)
  region size 1024K, 2 young (2048K), 2 survivors (2048K)
 Metaspace       used 107770K, capacity 110478K, committed 110976K, reserved 1144832K
  class space    used 13518K, capacity 14559K, committed 14720K, reserved 1048576K
}
Event: 38.058 GC heap before
{Heap before GC invocations=36 (full 0):
 garbage-first heap   total 251904K, used 197547K [0x0000000080000000, 0x0000000100000000)
  region size 1024K, 46 young (47104K), 2 survivors (2048K)
 Metaspace       used 107873K, capacity 110552K, committed 110976K, reserved 1144832K
  class space    used 13525K, capacity 14562K, committed 14720K, reserved 1048576K
}
Event: 38.112 GC heap after
{Heap after GC invocations=37 (full 0):
 garbage-first heap   total 251904K, used 172544K [0x0000000080000000, 0x0000000100000000)
  region size 1024K, 6 young (6144K), 6 survivors (6144K)
 Metaspace       used 107873K, capacity 110552K, committed 110976K, reserved 1144832K
  class space    used 13525K, capacity 14562K, committed 14720K, reserved 1048576K
}
Event: 38.764 GC heap before
{Heap before GC invocations=37 (full 0):
 garbage-first heap   total 251904K, used 201216K [0x0000000080000000, 0x0000000100000000)
  region size 1024K, 35 young (35840K), 6 survivors (6144K)
 Metaspace       used 108119K, capacity 110898K, committed 111232K, reserved 1146880K
  class space    used 13573K, capacity 14634K, committed 14720K, reserved 1048576K
}
Event: 38.801 GC heap after
{Heap after GC invocations=38 (full 0):
 garbage-first heap   total 251904K, used 177209K [0x0000000080000000, 0x0000000100000000)
  region size 1024K, 4 young (4096K), 4 survivors (4096K)
 Metaspace       used 108119K, capacity 110898K, committed 111232K, reserved 1146880K
  class space    used 13573K, capacity 14634K, committed 14720K, reserved 1048576K
}
Event: 39.468 GC heap before
{Heap before GC invocations=39 (full 0):
 garbage-first heap   total 251904K, used 197689K [0x0000000080000000, 0x0000000100000000)
  region size 1024K, 32 young (32768K), 4 survivors (4096K)
 Metaspace       used 108185K, capacity 110978K, committed 111232K, reserved 1146880K
  class space    used 13575K, capacity 14636K, committed 14720K, reserved 1048576K
}

